{"/home/bdfoster/Projects/nomatic-events/EventEmitter.js":{"path":"/home/bdfoster/Projects/nomatic-events/EventEmitter.js","s":{"1":1,"2":1,"3":1,"4":1,"5":1,"6":6,"7":0,"8":6,"9":6,"10":0,"11":0,"12":0,"13":6,"14":6,"15":6,"16":1,"17":6,"18":6,"19":6,"20":1,"21":0,"22":0,"23":0,"24":0,"25":0,"26":0,"27":0,"28":0,"29":0,"30":1,"31":6,"32":1,"33":3,"34":3,"35":3,"36":3,"37":3,"38":3,"39":3,"40":0,"41":3,"42":1,"43":1,"44":1,"45":1,"46":1,"47":1,"48":1,"49":1,"50":1},"b":{"1":[0,6],"2":[0,6],"3":[0,0],"4":[6,6],"5":[0,0],"6":[0,0],"7":[3,0],"8":[0,3],"9":[1,0],"10":[1,1]},"f":{"1":1,"2":6,"3":6,"4":0,"5":0,"6":6,"7":3,"8":3,"9":1,"10":1},"fnMap":{"1":{"name":"(anonymous_1)","line":5,"loc":{"start":{"line":5,"column":20},"end":{"line":5,"column":32}}},"2":{"name":"EventEmitter","line":17,"loc":{"start":{"line":17,"column":4},"end":{"line":17,"column":51}}},"3":{"name":"(anonymous_3)","line":49,"loc":{"start":{"line":49,"column":32},"end":{"line":49,"column":69}}},"4":{"name":"(anonymous_4)","line":68,"loc":{"start":{"line":68,"column":33},"end":{"line":68,"column":53}}},"5":{"name":"(anonymous_5)","line":70,"loc":{"start":{"line":70,"column":36},"end":{"line":70,"column":67}}},"6":{"name":"(anonymous_6)","line":86,"loc":{"start":{"line":86,"column":34},"end":{"line":86,"column":54}}},"7":{"name":"(anonymous_7)","line":94,"loc":{"start":{"line":94,"column":33},"end":{"line":94,"column":53}}},"8":{"name":"(anonymous_8)","line":96,"loc":{"start":{"line":96,"column":36},"end":{"line":96,"column":67}}},"9":{"name":"(anonymous_9)","line":108,"loc":{"start":{"line":108,"column":34},"end":{"line":108,"column":61}}},"10":{"name":"callMatchedListeners","line":110,"loc":{"start":{"line":110,"column":8},"end":{"line":110,"column":58}}}},"statementMap":{"1":{"start":{"line":2,"column":0},"end":{"line":2,"column":31}},"2":{"start":{"line":3,"column":0},"end":{"line":3,"column":29}},"3":{"start":{"line":4,"column":0},"end":{"line":4,"column":42}},"4":{"start":{"line":5,"column":0},"end":{"line":120,"column":5}},"5":{"start":{"line":17,"column":4},"end":{"line":38,"column":5}},"6":{"start":{"line":19,"column":8},"end":{"line":24,"column":9}},"7":{"start":{"line":20,"column":12},"end":{"line":20,"column":34}},"8":{"start":{"line":23,"column":12},"end":{"line":23,"column":45}},"9":{"start":{"line":25,"column":8},"end":{"line":35,"column":9}},"10":{"start":{"line":27,"column":12},"end":{"line":29,"column":13}},"11":{"start":{"line":28,"column":16},"end":{"line":28,"column":88}},"12":{"start":{"line":30,"column":12},"end":{"line":30,"column":39}},"13":{"start":{"line":34,"column":12},"end":{"line":34,"column":33}},"14":{"start":{"line":36,"column":8},"end":{"line":36,"column":28}},"15":{"start":{"line":37,"column":8},"end":{"line":37,"column":47}},"16":{"start":{"line":49,"column":4},"end":{"line":53,"column":6}},"17":{"start":{"line":50,"column":8},"end":{"line":50,"column":69}},"18":{"start":{"line":51,"column":8},"end":{"line":51,"column":28}},"19":{"start":{"line":52,"column":8},"end":{"line":52,"column":24}},"20":{"start":{"line":68,"column":4},"end":{"line":81,"column":6}},"21":{"start":{"line":69,"column":8},"end":{"line":69,"column":29}},"22":{"start":{"line":70,"column":8},"end":{"line":76,"column":11}},"23":{"start":{"line":71,"column":12},"end":{"line":74,"column":13}},"24":{"start":{"line":72,"column":16},"end":{"line":72,"column":36}},"25":{"start":{"line":73,"column":16},"end":{"line":73,"column":34}},"26":{"start":{"line":75,"column":12},"end":{"line":75,"column":29}},"27":{"start":{"line":77,"column":8},"end":{"line":79,"column":9}},"28":{"start":{"line":78,"column":12},"end":{"line":78,"column":76}},"29":{"start":{"line":80,"column":8},"end":{"line":80,"column":20}},"30":{"start":{"line":86,"column":4},"end":{"line":88,"column":6}},"31":{"start":{"line":87,"column":8},"end":{"line":87,"column":38}},"32":{"start":{"line":94,"column":4},"end":{"line":107,"column":6}},"33":{"start":{"line":95,"column":8},"end":{"line":95,"column":29}},"34":{"start":{"line":96,"column":8},"end":{"line":102,"column":11}},"35":{"start":{"line":97,"column":12},"end":{"line":100,"column":13}},"36":{"start":{"line":98,"column":16},"end":{"line":98,"column":36}},"37":{"start":{"line":99,"column":16},"end":{"line":99,"column":34}},"38":{"start":{"line":101,"column":12},"end":{"line":101,"column":29}},"39":{"start":{"line":103,"column":8},"end":{"line":105,"column":9}},"40":{"start":{"line":104,"column":12},"end":{"line":104,"column":50}},"41":{"start":{"line":106,"column":8},"end":{"line":106,"column":20}},"42":{"start":{"line":108,"column":4},"end":{"line":118,"column":6}},"43":{"start":{"line":109,"column":8},"end":{"line":109,"column":57}},"44":{"start":{"line":110,"column":8},"end":{"line":116,"column":9}},"45":{"start":{"line":112,"column":12},"end":{"line":114,"column":13}},"46":{"start":{"line":113,"column":16},"end":{"line":113,"column":39}},"47":{"start":{"line":115,"column":12},"end":{"line":115,"column":27}},"48":{"start":{"line":117,"column":8},"end":{"line":117,"column":20}},"49":{"start":{"line":119,"column":4},"end":{"line":119,"column":24}},"50":{"start":{"line":121,"column":0},"end":{"line":121,"column":30}}},"branchMap":{"1":{"line":19,"type":"if","locations":[{"start":{"line":19,"column":8},"end":{"line":19,"column":8}},{"start":{"line":19,"column":8},"end":{"line":19,"column":8}}]},"2":{"line":25,"type":"if","locations":[{"start":{"line":25,"column":8},"end":{"line":25,"column":8}},{"start":{"line":25,"column":8},"end":{"line":25,"column":8}}]},"3":{"line":27,"type":"if","locations":[{"start":{"line":27,"column":12},"end":{"line":27,"column":12}},{"start":{"line":27,"column":12},"end":{"line":27,"column":12}}]},"4":{"line":37,"type":"binary-expr","locations":[{"start":{"line":37,"column":28},"end":{"line":37,"column":40}},{"start":{"line":37,"column":44},"end":{"line":37,"column":46}}]},"5":{"line":71,"type":"if","locations":[{"start":{"line":71,"column":12},"end":{"line":71,"column":12}},{"start":{"line":71,"column":12},"end":{"line":71,"column":12}}]},"6":{"line":77,"type":"if","locations":[{"start":{"line":77,"column":8},"end":{"line":77,"column":8}},{"start":{"line":77,"column":8},"end":{"line":77,"column":8}}]},"7":{"line":97,"type":"if","locations":[{"start":{"line":97,"column":12},"end":{"line":97,"column":12}},{"start":{"line":97,"column":12},"end":{"line":97,"column":12}}]},"8":{"line":103,"type":"if","locations":[{"start":{"line":103,"column":8},"end":{"line":103,"column":8}},{"start":{"line":103,"column":8},"end":{"line":103,"column":8}}]},"9":{"line":112,"type":"if","locations":[{"start":{"line":112,"column":12},"end":{"line":112,"column":12}},{"start":{"line":112,"column":12},"end":{"line":112,"column":12}}]},"10":{"line":112,"type":"binary-expr","locations":[{"start":{"line":112,"column":16},"end":{"line":112,"column":34}},{"start":{"line":112,"column":38},"end":{"line":112,"column":47}}]}}},"/home/bdfoster/Projects/nomatic-events/EventListener.js":{"path":"/home/bdfoster/Projects/nomatic-events/EventListener.js","s":{"1":1,"2":1,"3":8,"4":8,"5":0,"6":8,"7":8,"8":8,"9":1,"10":3,"11":3,"12":2,"13":3,"14":1,"15":2,"16":2,"17":1,"18":0,"19":0,"20":0,"21":0,"22":0,"23":1,"24":1},"b":{"1":[0,8],"2":[2,1],"3":[0,0]},"f":{"1":1,"2":8,"3":3,"4":2,"5":0},"fnMap":{"1":{"name":"(anonymous_1)","line":2,"loc":{"start":{"line":2,"column":16},"end":{"line":2,"column":28}}},"2":{"name":"Listener","line":3,"loc":{"start":{"line":3,"column":4},"end":{"line":3,"column":58}}},"3":{"name":"(anonymous_3)","line":12,"loc":{"start":{"line":12,"column":33},"end":{"line":12,"column":49}}},"4":{"name":"(anonymous_4)","line":19,"loc":{"start":{"line":19,"column":31},"end":{"line":19,"column":43}}},"5":{"name":"(anonymous_5)","line":23,"loc":{"start":{"line":23,"column":30},"end":{"line":23,"column":46}}}},"statementMap":{"1":{"start":{"line":2,"column":0},"end":{"line":30,"column":5}},"2":{"start":{"line":3,"column":4},"end":{"line":11,"column":5}},"3":{"start":{"line":4,"column":8},"end":{"line":4,"column":35}},"4":{"start":{"line":5,"column":8},"end":{"line":7,"column":9}},"5":{"start":{"line":6,"column":12},"end":{"line":6,"column":67}},"6":{"start":{"line":8,"column":8},"end":{"line":8,"column":33}},"7":{"start":{"line":9,"column":8},"end":{"line":9,"column":25}},"8":{"start":{"line":10,"column":8},"end":{"line":10,"column":31}},"9":{"start":{"line":12,"column":4},"end":{"line":18,"column":6}},"10":{"start":{"line":13,"column":8},"end":{"line":13,"column":44}},"11":{"start":{"line":14,"column":8},"end":{"line":16,"column":9}},"12":{"start":{"line":15,"column":12},"end":{"line":15,"column":25}},"13":{"start":{"line":17,"column":8},"end":{"line":17,"column":20}},"14":{"start":{"line":19,"column":4},"end":{"line":22,"column":6}},"15":{"start":{"line":20,"column":8},"end":{"line":20,"column":31}},"16":{"start":{"line":21,"column":8},"end":{"line":21,"column":20}},"17":{"start":{"line":23,"column":4},"end":{"line":28,"column":6}},"18":{"start":{"line":24,"column":8},"end":{"line":24,"column":46}},"19":{"start":{"line":24,"column":31},"end":{"line":24,"column":44}},"20":{"start":{"line":25,"column":8},"end":{"line":25,"column":25}},"21":{"start":{"line":26,"column":8},"end":{"line":26,"column":32}},"22":{"start":{"line":27,"column":8},"end":{"line":27,"column":20}},"23":{"start":{"line":29,"column":4},"end":{"line":29,"column":20}},"24":{"start":{"line":31,"column":0},"end":{"line":31,"column":26}}},"branchMap":{"1":{"line":5,"type":"if","locations":[{"start":{"line":5,"column":8},"end":{"line":5,"column":8}},{"start":{"line":5,"column":8},"end":{"line":5,"column":8}}]},"2":{"line":14,"type":"if","locations":[{"start":{"line":14,"column":8},"end":{"line":14,"column":8}},{"start":{"line":14,"column":8},"end":{"line":14,"column":8}}]},"3":{"line":24,"type":"if","locations":[{"start":{"line":24,"column":8},"end":{"line":24,"column":8}},{"start":{"line":24,"column":8},"end":{"line":24,"column":8}}]}}}}