{"/home/bdfoster/Projects/nomatic-events/dist/index.js":{"path":"/home/bdfoster/Projects/nomatic-events/dist/index.js","s":{"1":1,"2":1,"3":2,"4":1,"5":1,"6":1,"7":1,"8":1,"9":1,"10":1,"11":1},"b":{"1":[0,2],"2":[2,2]},"f":{"1":2},"fnMap":{"1":{"name":"_interopRequire","line":7,"loc":{"start":{"line":7,"column":0},"end":{"line":7,"column":30}}}},"statementMap":{"1":{"start":{"line":3,"column":0},"end":{"line":5,"column":3}},"2":{"start":{"line":7,"column":0},"end":{"line":7,"column":86}},"3":{"start":{"line":7,"column":32},"end":{"line":7,"column":84}},"4":{"start":{"line":9,"column":0},"end":{"line":9,"column":31}},"5":{"start":{"line":10,"column":0},"end":{"line":10,"column":24}},"6":{"start":{"line":11,"column":0},"end":{"line":11,"column":29}},"7":{"start":{"line":12,"column":0},"end":{"line":12,"column":22}},"8":{"start":{"line":14,"column":0},"end":{"line":14,"column":46}},"9":{"start":{"line":16,"column":0},"end":{"line":16,"column":54}},"10":{"start":{"line":18,"column":0},"end":{"line":18,"column":48}},"11":{"start":{"line":20,"column":0},"end":{"line":20,"column":56}}},"branchMap":{"1":{"line":7,"type":"cond-expr","locations":[{"start":{"line":7,"column":63},"end":{"line":7,"column":77}},{"start":{"line":7,"column":80},"end":{"line":7,"column":83}}]},"2":{"line":7,"type":"binary-expr","locations":[{"start":{"line":7,"column":39},"end":{"line":7,"column":42}},{"start":{"line":7,"column":46},"end":{"line":7,"column":60}}]}}},"/home/bdfoster/Projects/nomatic-events/dist/EventEmitter.js":{"path":"/home/bdfoster/Projects/nomatic-events/dist/EventEmitter.js","s":{"1":1,"2":1,"3":1,"4":1,"5":5,"6":5,"7":5,"8":5,"9":5,"10":5,"11":1,"12":1,"13":1,"14":1,"15":0,"16":1,"17":1,"18":6,"19":0,"20":1,"21":1,"22":1,"23":6,"24":6,"25":6,"26":0,"27":6,"28":1,"29":6,"30":6,"31":6,"32":6,"33":0,"34":0,"35":0,"36":0,"37":0,"38":0,"39":0,"40":0,"41":0,"42":6,"43":3,"44":3,"45":3,"46":3,"47":3,"48":3,"49":3,"50":0,"51":3,"52":1,"53":3,"54":1,"55":0,"56":1,"57":0,"58":1,"59":1,"60":1,"61":1,"62":1,"63":1,"64":1},"b":{"1":[5,5],"2":[5,0],"3":[1,0],"4":[0,1],"5":[0,6],"6":[6,0],"7":[6,0],"8":[0,6],"9":[0,6],"10":[6,6],"11":[0,0],"12":[0,0],"13":[3,0],"14":[0,3],"15":[0,1],"16":[0,1]},"f":{"1":1,"2":1,"3":1,"4":6,"5":1,"6":6,"7":6,"8":0,"9":0,"10":6,"11":3,"12":3,"13":1,"14":1},"fnMap":{"1":{"name":"(anonymous_1)","line":7,"loc":{"start":{"line":7,"column":20},"end":{"line":7,"column":32}}},"2":{"name":"defineProperties","line":7,"loc":{"start":{"line":7,"column":34},"end":{"line":7,"column":75}}},"3":{"name":"(anonymous_3)","line":7,"loc":{"start":{"line":7,"column":358},"end":{"line":7,"column":406}}},"4":{"name":"_classCallCheck","line":9,"loc":{"start":{"line":9,"column":0},"end":{"line":9,"column":48}}},"5":{"name":"(anonymous_5)","line":13,"loc":{"start":{"line":13,"column":20},"end":{"line":13,"column":32}}},"6":{"name":"EventEmitter","line":22,"loc":{"start":{"line":22,"column":4},"end":{"line":22,"column":28}}},"7":{"name":"on","line":48,"loc":{"start":{"line":48,"column":15},"end":{"line":48,"column":48}}},"8":{"name":"off","line":72,"loc":{"start":{"line":72,"column":15},"end":{"line":72,"column":38}}},"9":{"name":"(anonymous_9)","line":74,"loc":{"start":{"line":74,"column":47},"end":{"line":74,"column":81}}},"10":{"name":"push","line":93,"loc":{"start":{"line":93,"column":15},"end":{"line":93,"column":39}}},"11":{"name":"pop","line":104,"loc":{"start":{"line":104,"column":15},"end":{"line":104,"column":38}}},"12":{"name":"(anonymous_12)","line":106,"loc":{"start":{"line":106,"column":47},"end":{"line":106,"column":78}}},"13":{"name":"emit","line":120,"loc":{"start":{"line":120,"column":15},"end":{"line":120,"column":40}}},"14":{"name":"callMatchedListeners","line":132,"loc":{"start":{"line":132,"column":12},"end":{"line":132,"column":62}}}},"statementMap":{"1":{"start":{"line":3,"column":0},"end":{"line":5,"column":3}},"2":{"start":{"line":7,"column":0},"end":{"line":7,"column":566}},"3":{"start":{"line":7,"column":34},"end":{"line":7,"column":350}},"4":{"start":{"line":7,"column":77},"end":{"line":7,"column":348}},"5":{"start":{"line":7,"column":118},"end":{"line":7,"column":144}},"6":{"start":{"line":7,"column":145},"end":{"line":7,"column":200}},"7":{"start":{"line":7,"column":201},"end":{"line":7,"column":232}},"8":{"start":{"line":7,"column":233},"end":{"line":7,"column":287}},"9":{"start":{"line":7,"column":260},"end":{"line":7,"column":287}},"10":{"start":{"line":7,"column":288},"end":{"line":7,"column":346}},"11":{"start":{"line":7,"column":351},"end":{"line":7,"column":560}},"12":{"start":{"line":7,"column":408},"end":{"line":7,"column":476}},"13":{"start":{"line":7,"column":424},"end":{"line":7,"column":476}},"14":{"start":{"line":7,"column":477},"end":{"line":7,"column":537}},"15":{"start":{"line":7,"column":494},"end":{"line":7,"column":537}},"16":{"start":{"line":7,"column":538},"end":{"line":7,"column":557}},"17":{"start":{"line":9,"column":0},"end":{"line":9,"column":153}},"18":{"start":{"line":9,"column":50},"end":{"line":9,"column":151}},"19":{"start":{"line":9,"column":92},"end":{"line":9,"column":149}},"20":{"start":{"line":11,"column":0},"end":{"line":11,"column":32}},"21":{"start":{"line":13,"column":0},"end":{"line":140,"column":5}},"22":{"start":{"line":22,"column":4},"end":{"line":32,"column":5}},"23":{"start":{"line":23,"column":8},"end":{"line":23,"column":99}},"24":{"start":{"line":25,"column":8},"end":{"line":25,"column":44}},"25":{"start":{"line":28,"column":8},"end":{"line":30,"column":9}},"26":{"start":{"line":29,"column":12},"end":{"line":29,"column":34}},"27":{"start":{"line":31,"column":8},"end":{"line":31,"column":28}},"28":{"start":{"line":46,"column":4},"end":{"line":137,"column":8}},"29":{"start":{"line":49,"column":12},"end":{"line":49,"column":98}},"30":{"start":{"line":51,"column":12},"end":{"line":51,"column":85}},"31":{"start":{"line":52,"column":12},"end":{"line":52,"column":32}},"32":{"start":{"line":53,"column":12},"end":{"line":53,"column":28}},"33":{"start":{"line":73,"column":12},"end":{"line":73,"column":33}},"34":{"start":{"line":74,"column":12},"end":{"line":80,"column":15}},"35":{"start":{"line":75,"column":16},"end":{"line":78,"column":17}},"36":{"start":{"line":76,"column":20},"end":{"line":76,"column":40}},"37":{"start":{"line":77,"column":20},"end":{"line":77,"column":38}},"38":{"start":{"line":79,"column":16},"end":{"line":79,"column":33}},"39":{"start":{"line":81,"column":12},"end":{"line":83,"column":13}},"40":{"start":{"line":82,"column":16},"end":{"line":82,"column":80}},"41":{"start":{"line":84,"column":12},"end":{"line":84,"column":24}},"42":{"start":{"line":94,"column":12},"end":{"line":94,"column":42}},"43":{"start":{"line":105,"column":12},"end":{"line":105,"column":33}},"44":{"start":{"line":106,"column":12},"end":{"line":112,"column":15}},"45":{"start":{"line":107,"column":16},"end":{"line":110,"column":17}},"46":{"start":{"line":108,"column":20},"end":{"line":108,"column":40}},"47":{"start":{"line":109,"column":20},"end":{"line":109,"column":38}},"48":{"start":{"line":111,"column":16},"end":{"line":111,"column":33}},"49":{"start":{"line":113,"column":12},"end":{"line":115,"column":13}},"50":{"start":{"line":114,"column":16},"end":{"line":114,"column":54}},"51":{"start":{"line":116,"column":12},"end":{"line":116,"column":24}},"52":{"start":{"line":121,"column":12},"end":{"line":123,"column":13}},"53":{"start":{"line":122,"column":16},"end":{"line":122,"column":49}},"54":{"start":{"line":125,"column":12},"end":{"line":127,"column":13}},"55":{"start":{"line":126,"column":16},"end":{"line":126,"column":76}},"56":{"start":{"line":128,"column":12},"end":{"line":130,"column":13}},"57":{"start":{"line":129,"column":16},"end":{"line":129,"column":29}},"58":{"start":{"line":131,"column":12},"end":{"line":131,"column":68}},"59":{"start":{"line":132,"column":12},"end":{"line":134,"column":13}},"60":{"start":{"line":133,"column":16},"end":{"line":133,"column":50}},"61":{"start":{"line":135,"column":12},"end":{"line":135,"column":24}},"62":{"start":{"line":139,"column":4},"end":{"line":139,"column":24}},"63":{"start":{"line":142,"column":0},"end":{"line":142,"column":34}},"64":{"start":{"line":143,"column":0},"end":{"line":143,"column":36}}},"branchMap":{"1":{"line":7,"type":"binary-expr","locations":[{"start":{"line":7,"column":169},"end":{"line":7,"column":190}},{"start":{"line":7,"column":194},"end":{"line":7,"column":199}}]},"2":{"line":7,"type":"if","locations":[{"start":{"line":7,"column":233},"end":{"line":7,"column":233}},{"start":{"line":7,"column":233},"end":{"line":7,"column":233}}]},"3":{"line":7,"type":"if","locations":[{"start":{"line":7,"column":408},"end":{"line":7,"column":408}},{"start":{"line":7,"column":408},"end":{"line":7,"column":408}}]},"4":{"line":7,"type":"if","locations":[{"start":{"line":7,"column":477},"end":{"line":7,"column":477}},{"start":{"line":7,"column":477},"end":{"line":7,"column":477}}]},"5":{"line":9,"type":"if","locations":[{"start":{"line":9,"column":50},"end":{"line":9,"column":50}},{"start":{"line":9,"column":50},"end":{"line":9,"column":50}}]},"6":{"line":23,"type":"cond-expr","locations":[{"start":{"line":23,"column":81},"end":{"line":23,"column":83}},{"start":{"line":23,"column":86},"end":{"line":23,"column":98}}]},"7":{"line":23,"type":"binary-expr","locations":[{"start":{"line":23,"column":27},"end":{"line":23,"column":48}},{"start":{"line":23,"column":52},"end":{"line":23,"column":78}}]},"8":{"line":28,"type":"if","locations":[{"start":{"line":28,"column":8},"end":{"line":28,"column":8}},{"start":{"line":28,"column":8},"end":{"line":28,"column":8}}]},"9":{"line":49,"type":"cond-expr","locations":[{"start":{"line":49,"column":77},"end":{"line":49,"column":82}},{"start":{"line":49,"column":85},"end":{"line":49,"column":97}}]},"10":{"line":49,"type":"binary-expr","locations":[{"start":{"line":49,"column":23},"end":{"line":49,"column":44}},{"start":{"line":49,"column":48},"end":{"line":49,"column":74}}]},"11":{"line":75,"type":"if","locations":[{"start":{"line":75,"column":16},"end":{"line":75,"column":16}},{"start":{"line":75,"column":16},"end":{"line":75,"column":16}}]},"12":{"line":81,"type":"if","locations":[{"start":{"line":81,"column":12},"end":{"line":81,"column":12}},{"start":{"line":81,"column":12},"end":{"line":81,"column":12}}]},"13":{"line":107,"type":"if","locations":[{"start":{"line":107,"column":16},"end":{"line":107,"column":16}},{"start":{"line":107,"column":16},"end":{"line":107,"column":16}}]},"14":{"line":113,"type":"if","locations":[{"start":{"line":113,"column":12},"end":{"line":113,"column":12}},{"start":{"line":113,"column":12},"end":{"line":113,"column":12}}]},"15":{"line":125,"type":"if","locations":[{"start":{"line":125,"column":12},"end":{"line":125,"column":12}},{"start":{"line":125,"column":12},"end":{"line":125,"column":12}}]},"16":{"line":128,"type":"if","locations":[{"start":{"line":128,"column":12},"end":{"line":128,"column":12}},{"start":{"line":128,"column":12},"end":{"line":128,"column":12}}]}}},"/home/bdfoster/Projects/nomatic-events/dist/EventListener.js":{"path":"/home/bdfoster/Projects/nomatic-events/dist/EventListener.js","s":{"1":1,"2":1,"3":1,"4":1,"5":3,"6":3,"7":3,"8":3,"9":3,"10":3,"11":1,"12":1,"13":1,"14":1,"15":0,"16":1,"17":1,"18":8,"19":0,"20":1,"21":1,"22":8,"23":2,"24":8,"25":8,"26":0,"27":8,"28":8,"29":0,"30":8,"31":8,"32":8,"33":1,"34":3,"35":3,"36":3,"37":3,"38":3,"39":2,"40":3,"41":0,"42":2,"43":2,"44":0,"45":0,"46":0,"47":0,"48":1,"49":1,"50":1},"b":{"1":[3,3],"2":[3,0],"3":[1,0],"4":[0,1],"5":[0,8],"6":[2,6],"7":[0,8],"8":[8,8],"9":[0,8],"10":[3,0],"11":[2,1],"12":[0,0],"13":[0,0]},"f":{"1":1,"2":1,"3":1,"4":8,"5":1,"6":8,"7":3,"8":2,"9":0},"fnMap":{"1":{"name":"(anonymous_1)","line":7,"loc":{"start":{"line":7,"column":20},"end":{"line":7,"column":32}}},"2":{"name":"defineProperties","line":7,"loc":{"start":{"line":7,"column":34},"end":{"line":7,"column":75}}},"3":{"name":"(anonymous_3)","line":7,"loc":{"start":{"line":7,"column":358},"end":{"line":7,"column":406}}},"4":{"name":"_classCallCheck","line":9,"loc":{"start":{"line":9,"column":0},"end":{"line":9,"column":48}}},"5":{"name":"(anonymous_5)","line":11,"loc":{"start":{"line":11,"column":21},"end":{"line":11,"column":33}}},"6":{"name":"EventListener","line":12,"loc":{"start":{"line":12,"column":4},"end":{"line":12,"column":63}}},"7":{"name":"execute","line":35,"loc":{"start":{"line":35,"column":15},"end":{"line":35,"column":43}}},"8":{"name":"close","line":51,"loc":{"start":{"line":51,"column":15},"end":{"line":51,"column":32}}},"9":{"name":"open","line":57,"loc":{"start":{"line":57,"column":15},"end":{"line":57,"column":31}}}},"statementMap":{"1":{"start":{"line":3,"column":0},"end":{"line":5,"column":3}},"2":{"start":{"line":7,"column":0},"end":{"line":7,"column":566}},"3":{"start":{"line":7,"column":34},"end":{"line":7,"column":350}},"4":{"start":{"line":7,"column":77},"end":{"line":7,"column":348}},"5":{"start":{"line":7,"column":118},"end":{"line":7,"column":144}},"6":{"start":{"line":7,"column":145},"end":{"line":7,"column":200}},"7":{"start":{"line":7,"column":201},"end":{"line":7,"column":232}},"8":{"start":{"line":7,"column":233},"end":{"line":7,"column":287}},"9":{"start":{"line":7,"column":260},"end":{"line":7,"column":287}},"10":{"start":{"line":7,"column":288},"end":{"line":7,"column":346}},"11":{"start":{"line":7,"column":351},"end":{"line":7,"column":560}},"12":{"start":{"line":7,"column":408},"end":{"line":7,"column":476}},"13":{"start":{"line":7,"column":424},"end":{"line":7,"column":476}},"14":{"start":{"line":7,"column":477},"end":{"line":7,"column":537}},"15":{"start":{"line":7,"column":494},"end":{"line":7,"column":537}},"16":{"start":{"line":7,"column":538},"end":{"line":7,"column":557}},"17":{"start":{"line":9,"column":0},"end":{"line":9,"column":153}},"18":{"start":{"line":9,"column":50},"end":{"line":9,"column":151}},"19":{"start":{"line":9,"column":92},"end":{"line":9,"column":149}},"20":{"start":{"line":11,"column":0},"end":{"line":67,"column":5}},"21":{"start":{"line":12,"column":4},"end":{"line":29,"column":5}},"22":{"start":{"line":13,"column":8},"end":{"line":13,"column":45}},"23":{"start":{"line":13,"column":32},"end":{"line":13,"column":45}},"24":{"start":{"line":15,"column":8},"end":{"line":15,"column":45}},"25":{"start":{"line":17,"column":8},"end":{"line":21,"column":9}},"26":{"start":{"line":18,"column":12},"end":{"line":18,"column":82}},"27":{"start":{"line":20,"column":12},"end":{"line":20,"column":39}},"28":{"start":{"line":22,"column":8},"end":{"line":26,"column":9}},"29":{"start":{"line":23,"column":12},"end":{"line":23,"column":77}},"30":{"start":{"line":25,"column":12},"end":{"line":25,"column":37}},"31":{"start":{"line":27,"column":8},"end":{"line":27,"column":25}},"32":{"start":{"line":28,"column":8},"end":{"line":28,"column":31}},"33":{"start":{"line":33,"column":4},"end":{"line":64,"column":8}},"34":{"start":{"line":36,"column":12},"end":{"line":46,"column":13}},"35":{"start":{"line":37,"column":16},"end":{"line":39,"column":17}},"36":{"start":{"line":38,"column":20},"end":{"line":38,"column":53}},"37":{"start":{"line":41,"column":16},"end":{"line":41,"column":48}},"38":{"start":{"line":42,"column":16},"end":{"line":44,"column":17}},"39":{"start":{"line":43,"column":20},"end":{"line":43,"column":33}},"40":{"start":{"line":45,"column":16},"end":{"line":45,"column":28}},"41":{"start":{"line":47,"column":12},"end":{"line":47,"column":25}},"42":{"start":{"line":52,"column":12},"end":{"line":52,"column":35}},"43":{"start":{"line":53,"column":12},"end":{"line":53,"column":24}},"44":{"start":{"line":58,"column":12},"end":{"line":58,"column":98}},"45":{"start":{"line":60,"column":12},"end":{"line":60,"column":29}},"46":{"start":{"line":61,"column":12},"end":{"line":61,"column":36}},"47":{"start":{"line":62,"column":12},"end":{"line":62,"column":24}},"48":{"start":{"line":66,"column":4},"end":{"line":66,"column":25}},"49":{"start":{"line":69,"column":0},"end":{"line":69,"column":35}},"50":{"start":{"line":70,"column":0},"end":{"line":70,"column":36}}},"branchMap":{"1":{"line":7,"type":"binary-expr","locations":[{"start":{"line":7,"column":169},"end":{"line":7,"column":190}},{"start":{"line":7,"column":194},"end":{"line":7,"column":199}}]},"2":{"line":7,"type":"if","locations":[{"start":{"line":7,"column":233},"end":{"line":7,"column":233}},{"start":{"line":7,"column":233},"end":{"line":7,"column":233}}]},"3":{"line":7,"type":"if","locations":[{"start":{"line":7,"column":408},"end":{"line":7,"column":408}},{"start":{"line":7,"column":408},"end":{"line":7,"column":408}}]},"4":{"line":7,"type":"if","locations":[{"start":{"line":7,"column":477},"end":{"line":7,"column":477}},{"start":{"line":7,"column":477},"end":{"line":7,"column":477}}]},"5":{"line":9,"type":"if","locations":[{"start":{"line":9,"column":50},"end":{"line":9,"column":50}},{"start":{"line":9,"column":50},"end":{"line":9,"column":50}}]},"6":{"line":13,"type":"if","locations":[{"start":{"line":13,"column":8},"end":{"line":13,"column":8}},{"start":{"line":13,"column":8},"end":{"line":13,"column":8}}]},"7":{"line":17,"type":"if","locations":[{"start":{"line":17,"column":8},"end":{"line":17,"column":8}},{"start":{"line":17,"column":8},"end":{"line":17,"column":8}}]},"8":{"line":17,"type":"binary-expr","locations":[{"start":{"line":17,"column":14},"end":{"line":17,"column":41}},{"start":{"line":17,"column":45},"end":{"line":17,"column":74}}]},"9":{"line":22,"type":"if","locations":[{"start":{"line":22,"column":8},"end":{"line":22,"column":8}},{"start":{"line":22,"column":8},"end":{"line":22,"column":8}}]},"10":{"line":36,"type":"if","locations":[{"start":{"line":36,"column":12},"end":{"line":36,"column":12}},{"start":{"line":36,"column":12},"end":{"line":36,"column":12}}]},"11":{"line":42,"type":"if","locations":[{"start":{"line":42,"column":16},"end":{"line":42,"column":16}},{"start":{"line":42,"column":16},"end":{"line":42,"column":16}}]},"12":{"line":58,"type":"cond-expr","locations":[{"start":{"line":58,"column":77},"end":{"line":58,"column":82}},{"start":{"line":58,"column":85},"end":{"line":58,"column":97}}]},"13":{"line":58,"type":"binary-expr","locations":[{"start":{"line":58,"column":23},"end":{"line":58,"column":44}},{"start":{"line":58,"column":48},"end":{"line":58,"column":74}}]}}}}