TN:
SF:/home/bdfoster/Projects/nomatic-events/dist/EventEmitter.js
FN:7,(anonymous_1)
FN:7,defineProperties
FN:7,(anonymous_3)
FN:9,_classCallCheck
FN:13,(anonymous_5)
FN:22,EventEmitter
FN:48,on
FN:70,off
FN:72,(anonymous_9)
FN:91,push
FN:102,pop
FN:104,(anonymous_12)
FN:118,emit
FN:130,callMatchedListeners
FNF:14
FNH:12
FNDA:1,(anonymous_1)
FNDA:1,defineProperties
FNDA:1,(anonymous_3)
FNDA:6,_classCallCheck
FNDA:1,(anonymous_5)
FNDA:6,EventEmitter
FNDA:6,on
FNDA:0,off
FNDA:0,(anonymous_9)
FNDA:6,push
FNDA:3,pop
FNDA:3,(anonymous_12)
FNDA:1,emit
FNDA:1,callMatchedListeners
DA:3,1
DA:7,5
DA:9,6
DA:11,1
DA:13,1
DA:22,1
DA:23,6
DA:25,6
DA:28,6
DA:29,0
DA:31,6
DA:46,1
DA:49,6
DA:50,6
DA:51,6
DA:71,0
DA:72,0
DA:73,0
DA:74,0
DA:75,0
DA:77,0
DA:79,0
DA:80,0
DA:82,0
DA:92,6
DA:103,3
DA:104,3
DA:105,3
DA:106,3
DA:107,3
DA:109,3
DA:111,3
DA:112,0
DA:114,3
DA:119,1
DA:120,3
DA:123,1
DA:124,0
DA:126,1
DA:127,0
DA:129,1
DA:130,1
DA:131,1
DA:133,1
DA:137,1
DA:140,1
DA:141,1
LF:47
LH:34
BRDA:7,1,0,5
BRDA:7,1,1,5
BRDA:7,2,0,5
BRDA:7,2,1,0
BRDA:7,3,0,1
BRDA:7,3,1,0
BRDA:7,4,0,0
BRDA:7,4,1,1
BRDA:9,5,0,0
BRDA:9,5,1,6
BRDA:23,6,0,6
BRDA:23,6,1,0
BRDA:23,7,0,6
BRDA:23,7,1,0
BRDA:28,8,0,0
BRDA:28,8,1,6
BRDA:73,9,0,0
BRDA:73,9,1,0
BRDA:79,10,0,0
BRDA:79,10,1,0
BRDA:105,11,0,3
BRDA:105,11,1,0
BRDA:111,12,0,0
BRDA:111,12,1,3
BRDA:123,13,0,0
BRDA:123,13,1,1
BRDA:126,14,0,0
BRDA:126,14,1,1
BRF:28
BRH:13
end_of_record
TN:
SF:/home/bdfoster/Projects/nomatic-events/dist/index.js
FN:7,_interopRequire
FNF:1
FNH:1
FNDA:2,_interopRequire
DA:3,1
DA:7,2
DA:9,1
DA:10,1
DA:11,1
DA:12,1
DA:14,1
DA:16,1
DA:18,1
DA:20,1
LF:10
LH:10
BRDA:7,1,0,1
BRDA:7,1,1,1
BRDA:7,2,0,2
BRDA:7,2,1,2
BRF:4
BRH:4
end_of_record
TN:
SF:/home/bdfoster/Projects/nomatic-events/dist/EventListener.js
FN:7,(anonymous_1)
FN:7,defineProperties
FN:7,(anonymous_3)
FN:9,_classCallCheck
FN:11,(anonymous_5)
FN:12,EventListener
FN:35,execute
FN:51,close
FN:57,open
FNF:9
FNH:8
FNDA:1,(anonymous_1)
FNDA:1,defineProperties
FNDA:1,(anonymous_3)
FNDA:8,_classCallCheck
FNDA:1,(anonymous_5)
FNDA:8,EventListener
FNDA:3,execute
FNDA:2,close
FNDA:0,open
DA:3,1
DA:7,3
DA:9,8
DA:11,1
DA:12,1
DA:13,8
DA:15,8
DA:17,8
DA:18,0
DA:20,8
DA:22,8
DA:23,0
DA:25,8
DA:27,8
DA:28,8
DA:33,1
DA:36,3
DA:37,3
DA:38,3
DA:41,3
DA:42,3
DA:43,2
DA:45,3
DA:47,0
DA:52,2
DA:53,2
DA:58,0
DA:60,0
DA:61,0
DA:62,0
DA:66,1
DA:69,1
DA:70,1
LF:33
LH:26
BRDA:7,1,0,3
BRDA:7,1,1,3
BRDA:7,2,0,3
BRDA:7,2,1,0
BRDA:7,3,0,1
BRDA:7,3,1,0
BRDA:7,4,0,0
BRDA:7,4,1,1
BRDA:9,5,0,0
BRDA:9,5,1,8
BRDA:13,6,0,2
BRDA:13,6,1,6
BRDA:17,7,0,0
BRDA:17,7,1,8
BRDA:17,8,0,8
BRDA:17,8,1,8
BRDA:22,9,0,0
BRDA:22,9,1,8
BRDA:36,10,0,3
BRDA:36,10,1,0
BRDA:42,11,0,2
BRDA:42,11,1,1
BRDA:58,12,0,0
BRDA:58,12,1,0
BRDA:58,13,0,0
BRDA:58,13,1,0
BRF:26
BRH:15
end_of_record
